<?xml version="1.0" encoding="UTF-8"?>
<!-- Generated by org.testng.reporters.JUnitReportReporter -->
<testsuite hostname="DESKTOP-U0ESANG" failures="0" tests="4" name="com.saucedemo.Test.ProductTest" time="41.943" errors="0" timestamp="2024-03-04T14:11:08 MYT" skipped="0">
  <testcase classname="com.saucedemo.Test.ProductTest" name="addFromProductsPage" time="8.553"/>
  <testcase classname="com.saucedemo.Test.ProductTest" name="removeFromProductsPage" time="10.060"/>
  <testcase classname="com.saucedemo.Test.ProductTest" name="addFromProductDetailPage" time="9.224"/>
  <testcase classname="com.saucedemo.Test.ProductTest" name="removeFromProductDetailPage" time="14.106"/>
</testsuite> <!-- com.saucedemo.Test.ProductTest -->
