<?xml version="1.0" encoding="UTF-8"?>
<!-- Generated by org.testng.reporters.JUnitReportReporter -->
<testsuite hostname="DESKTOP-U0ESANG" failures="0" tests="11" name="com.saucedemo.Test.AuthenticationTest" time="81.984" errors="0" timestamp="2024-03-04T14:11:08 MYT" skipped="0">
  <testcase classname="com.saucedemo.Test.AuthenticationTest" name="logInSuccessful_validCredential" time="3.841"/>
  <testcase classname="com.saucedemo.Test.AuthenticationTest" name="logout" time="6.738"/>
  <testcase classname="com.saucedemo.Test.AuthenticationTest" name="logInUnsuccessful_blankUsername" time="5.231"/>
  <testcase classname="com.saucedemo.Test.AuthenticationTest" name="logInUnsuccessful_blankPassword" time="3.276"/>
  <testcase classname="com.saucedemo.Test.AuthenticationTest" name="logInSuccessful_validCredential" time="5.213"/>
  <testcase classname="com.saucedemo.Test.AuthenticationTest" name="logInUnsuccessful_invalidCredential" time="6.685"/>
  <testcase classname="com.saucedemo.Test.AuthenticationTest" name="logInSuccessful_validCredential" time="20.778"/>
  <testcase classname="com.saucedemo.Test.AuthenticationTest" name="logInUnsuccessful_locked" time="7.965"/>
  <testcase classname="com.saucedemo.Test.AuthenticationTest" name="logInSuccessful_validCredential" time="5.981"/>
  <testcase classname="com.saucedemo.Test.AuthenticationTest" name="logInSuccessful_validCredential" time="5.571"/>
  <testcase classname="com.saucedemo.Test.AuthenticationTest" name="logInUnsuccessful_invalidCredential" time="10.705"/>
</testsuite> <!-- com.saucedemo.Test.AuthenticationTest -->
