<?xml version="1.0" encoding="UTF-8"?>
<!-- Generated by org.testng.reporters.JUnitReportReporter -->
<testsuite hostname="DESKTOP-U0ESANG" failures="0" tests="4" name="com.saucedemo.Test.SortingTest" time="19.787" errors="0" timestamp="2024-03-04T14:11:08 MYT" skipped="0">
  <testcase classname="com.saucedemo.Test.SortingTest" name="sortProductNameDescending" time="5.556"/>
  <testcase classname="com.saucedemo.Test.SortingTest" name="sortProductPriceAscending" time="4.973"/>
  <testcase classname="com.saucedemo.Test.SortingTest" name="sortProductNameAscending" time="4.530"/>
  <testcase classname="com.saucedemo.Test.SortingTest" name="sortProductPriceDescending" time="4.728"/>
</testsuite> <!-- com.saucedemo.Test.SortingTest -->
