<?xml version="1.0" encoding="UTF-8"?>
<!-- Generated by org.testng.reporters.JUnitReportReporter -->
<testsuite hostname="DESKTOP-U0ESANG" failures="0" tests="1" name="com.nurfatinportfolio.Test.ProductTest" time="22.647" errors="0" timestamp="2024-02-28T12:07:33 MYT" skipped="0">
  <testcase classname="com.nurfatinportfolio.Test.ProductTest" name="removeFromProductDetailPage" time="22.647"/>
</testsuite> <!-- com.nurfatinportfolio.Test.ProductTest -->
