<?xml version="1.0" encoding="UTF-8"?>
<!-- Generated by org.testng.reporters.JUnitReportReporter -->
<testsuite hostname="DESKTOP-U0ESANG" failures="0" tests="4" name="com.saucedemo.Test.ProductTest" time="39.975" errors="0" timestamp="2024-02-28T13:09:45 MYT" skipped="0">
  <testcase classname="com.saucedemo.Test.ProductTest" name="removeFromProductsPage" time="8.414"/>
  <testcase classname="com.saucedemo.Test.ProductTest" name="addFromProductDetailPage" time="5.933"/>
  <testcase classname="com.saucedemo.Test.ProductTest" name="removeFromProductDetailPage" time="19.913"/>
  <testcase classname="com.saucedemo.Test.ProductTest" name="addFromProductsPage" time="5.715"/>
</testsuite> <!-- com.saucedemo.Test.ProductTest -->
