<?xml version="1.0" encoding="UTF-8"?>
<!-- Generated by org.testng.reporters.JUnitReportReporter -->
<testsuite hostname="DESKTOP-U0ESANG" failures="0" tests="4" name="com.saucedemo.Test.SortingTest" time="11.899" errors="0" timestamp="2024-02-28T14:42:01 MYT" skipped="0">
  <testcase classname="com.saucedemo.Test.SortingTest" name="ExcelReadingData" time="5.296"/>
  <testcase classname="com.saucedemo.Test.SortingTest" name="ExcelReadingData" time="2.202"/>
  <testcase classname="com.saucedemo.Test.SortingTest" name="ExcelReadingData" time="2.178"/>
  <testcase classname="com.saucedemo.Test.SortingTest" name="ExcelReadingData" time="2.223"/>
</testsuite> <!-- com.saucedemo.Test.SortingTest -->
