<?xml version="1.0" encoding="UTF-8"?>
<!-- Generated by org.testng.reporters.JUnitReportReporter -->
<testsuite hostname="DESKTOP-U0ESANG" failures="0" tests="11" name="com.saucedemo.Test.AuthenticationTest" time="32.953" errors="0" timestamp="2024-02-28T19:05:40 MYT" skipped="0">
  <testcase classname="com.saucedemo.Test.AuthenticationTest" name="logInUnsuccessful_locked" time="2.030"/>
  <testcase classname="com.saucedemo.Test.AuthenticationTest" name="logInUnsuccessful_blankPassword" time="2.444"/>
  <testcase classname="com.saucedemo.Test.AuthenticationTest" name="logInSuccessful_validCredential" time="2.029"/>
  <testcase classname="com.saucedemo.Test.AuthenticationTest" name="logout" time="2.388"/>
  <testcase classname="com.saucedemo.Test.AuthenticationTest" name="logInUnsuccessful_invalidCredential" time="2.068"/>
  <testcase classname="com.saucedemo.Test.AuthenticationTest" name="logInSuccessful_validCredential" time="1.997"/>
  <testcase classname="com.saucedemo.Test.AuthenticationTest" name="logInUnsuccessful_blankUsername" time="6.018"/>
  <testcase classname="com.saucedemo.Test.AuthenticationTest" name="logInSuccessful_validCredential" time="7.386"/>
  <testcase classname="com.saucedemo.Test.AuthenticationTest" name="logInSuccessful_validCredential" time="1.979"/>
  <testcase classname="com.saucedemo.Test.AuthenticationTest" name="logInUnsuccessful_invalidCredential" time="2.158"/>
  <testcase classname="com.saucedemo.Test.AuthenticationTest" name="logInSuccessful_validCredential" time="2.456"/>
</testsuite> <!-- com.saucedemo.Test.AuthenticationTest -->
