<?xml version="1.0" encoding="UTF-8"?>
<!-- Generated by org.testng.reporters.JUnitReportReporter -->
<testsuite hostname="DESKTOP-U0ESANG" failures="0" tests="1" name="com.nurfatinportfolio.Utilities.ExcelReader" time="4.348" errors="0" timestamp="2024-02-26T17:52:12 MYT" skipped="0">
  <testcase classname="com.nurfatinportfolio.Utilities.ExcelReader" name="getExcelData" time="4.348"/>
</testsuite> <!-- com.nurfatinportfolio.Utilities.ExcelReader -->
