<?xml version="1.0" encoding="UTF-8"?>
<!-- Generated by org.testng.reporters.JUnitReportReporter -->
<testsuite hostname="DESKTOP-U0ESANG" failures="0" tests="1" name="com.nurfatinportfolio.Test.AuthenticationTest" time="5.012" errors="0" timestamp="2024-02-28T10:26:40 MYT" skipped="0">
  <testcase classname="com.nurfatinportfolio.Test.AuthenticationTest" name="logout" time="5.012"/>
</testsuite> <!-- com.nurfatinportfolio.Test.AuthenticationTest -->
