<?xml version="1.0" encoding="UTF-8"?>
<!-- Generated by org.testng.reporters.JUnitReportReporter -->
<testsuite hostname="DESKTOP-U0ESANG" failures="0" tests="1" name="com.nurfatinportfolio.Test.YourCart" time="9.859" errors="0" timestamp="2024-02-28T10:04:32 MYT" skipped="0">
  <testcase classname="com.nurfatinportfolio.Test.YourCart" name="addProductsToCart" time="9.859"/>
</testsuite> <!-- com.nurfatinportfolio.Test.YourCart -->
