<?xml version="1.0" encoding="UTF-8"?>
<!-- Generated by org.testng.reporters.JUnitReportReporter -->
<testsuite hostname="DESKTOP-U0ESANG" failures="0" tests="12" name="com.saucedemo.Test.ProductTest" time="87.829" errors="0" timestamp="2024-02-28T15:25:54 MYT" skipped="0">
  <testcase classname="com.saucedemo.Test.ProductTest" name="removeFromProductDetailPage" time="16.677"/>
  <testcase classname="com.saucedemo.Test.ProductTest" name="removeFromProductsPage" time="14.710"/>
  <testcase classname="com.saucedemo.Test.ProductTest" name="addFromProductsPage" time="5.811"/>
  <testcase classname="com.saucedemo.Test.ProductTest" name="addFromProductDetailPage" time="3.602"/>
  <testcase classname="com.saucedemo.Test.ProductTest" name="removeFromProductDetailPage" time="7.357"/>
  <testcase classname="com.saucedemo.Test.ProductTest" name="removeFromProductsPage" time="5.958"/>
  <testcase classname="com.saucedemo.Test.ProductTest" name="addFromProductDetailPage" time="5.261"/>
  <testcase classname="com.saucedemo.Test.ProductTest" name="removeFromProductDetailPage" time="6.835"/>
  <testcase classname="com.saucedemo.Test.ProductTest" name="addFromProductDetailPage" time="6.423"/>
  <testcase classname="com.saucedemo.Test.ProductTest" name="addFromProductsPage" time="3.686"/>
  <testcase classname="com.saucedemo.Test.ProductTest" name="removeFromProductsPage" time="6.867"/>
  <testcase classname="com.saucedemo.Test.ProductTest" name="addFromProductsPage" time="4.642"/>
</testsuite> <!-- com.saucedemo.Test.ProductTest -->
