<?xml version="1.0" encoding="UTF-8"?>
<!-- Generated by org.testng.reporters.JUnitReportReporter -->
<testsuite hostname="DESKTOP-U0ESANG" failures="0" tests="1" name="com.nurfatinportfolio.Test.Checkout" time="6.377" errors="0" timestamp="2024-02-26T11:17:20 MYT" skipped="0">
  <testcase classname="com.nurfatinportfolio.Test.Checkout" name="addProductsToCart" time="6.377"/>
</testsuite> <!-- com.nurfatinportfolio.Test.Checkout -->
