<?xml version="1.0" encoding="UTF-8"?>
<!-- Generated by org.testng.reporters.JUnitReportReporter -->
<testsuite hostname="DESKTOP-U0ESANG" failures="0" tests="3" name="com.saucedemo.Test.CartTest" time="21.909" errors="0" timestamp="2024-03-04T11:13:50 MYT" skipped="0">
  <testcase classname="com.saucedemo.Test.CartTest" name="removeProductFromCart" time="7.315"/>
  <testcase classname="com.saucedemo.Test.CartTest" name="continueShopping" time="7.935"/>
  <testcase classname="com.saucedemo.Test.CartTest" name="addProductToCart" time="6.659"/>
</testsuite> <!-- com.saucedemo.Test.CartTest -->
