<?xml version="1.0" encoding="UTF-8"?>
<!-- Generated by org.testng.reporters.JUnitReportReporter -->
<testsuite hostname="DESKTOP-U0ESANG" failures="0" tests="4" name="com.saucedemo.Test.ProductTest" time="30.995" errors="0" timestamp="2024-03-04T10:50:15 MYT" skipped="0">
  <testcase classname="com.saucedemo.Test.ProductTest" name="removeFromProductDetailPage" time="8.532"/>
  <testcase classname="com.saucedemo.Test.ProductTest" name="addFromProductsPage" time="8.382"/>
  <testcase classname="com.saucedemo.Test.ProductTest" name="addFromProductDetailPage" time="6.498"/>
  <testcase classname="com.saucedemo.Test.ProductTest" name="removeFromProductsPage" time="7.583"/>
</testsuite> <!-- com.saucedemo.Test.ProductTest -->
