<?xml version="1.0" encoding="UTF-8"?>
<!-- Generated by org.testng.reporters.JUnitReportReporter -->
<testsuite hostname="DESKTOP-U0ESANG" failures="0" tests="2" name="com.nurfatinportfolio.Test.Products" time="19.487" errors="0" timestamp="2024-02-26T13:06:48 MYT" skipped="0">
  <testcase classname="com.nurfatinportfolio.Test.Products" name="addProductsToCart" time="4.961"/>
  <testcase classname="com.nurfatinportfolio.Test.Products" name="removeProductsFromCart" time="14.526"/>
</testsuite> <!-- com.nurfatinportfolio.Test.Products -->
