<?xml version="1.0" encoding="UTF-8"?>
<!-- Generated by org.testng.reporters.JUnitReportReporter -->
<testsuite hostname="DESKTOP-U0ESANG" failures="0" tests="2" name="com.nurfatinportfolio.Test.Products" time="19.477" errors="0" timestamp="2024-02-26T13:31:50 MYT" skipped="0">
  <testcase classname="com.nurfatinportfolio.Test.Products" name="addProductsToCart" time="3.464"/>
  <testcase classname="com.nurfatinportfolio.Test.Products" name="removeProductsFromCart" time="16.013"/>
</testsuite> <!-- com.nurfatinportfolio.Test.Products -->
