<?xml version="1.0" encoding="UTF-8"?>
<!-- Generated by org.testng.reporters.JUnitReportReporter -->
<testsuite hostname="DESKTOP-U0ESANG" failures="0" tests="4" name="com.saucedemo.Test.ProductTest" time="34.169" errors="0" timestamp="2024-03-04T11:13:21 MYT" skipped="0">
  <testcase classname="com.saucedemo.Test.ProductTest" name="addFromProductDetailPage" time="7.393"/>
  <testcase classname="com.saucedemo.Test.ProductTest" name="removeFromProductsPage" time="7.932"/>
  <testcase classname="com.saucedemo.Test.ProductTest" name="addFromProductsPage" time="9.756"/>
  <testcase classname="com.saucedemo.Test.ProductTest" name="removeFromProductDetailPage" time="9.088"/>
</testsuite> <!-- com.saucedemo.Test.ProductTest -->
