<?xml version="1.0" encoding="UTF-8"?>
<!-- Generated by org.testng.reporters.JUnitReportReporter -->
<testsuite hostname="DESKTOP-U0ESANG" failures="0" tests="4" name="com.saucedemo.Test.ProductTest" time="30.595" errors="0" timestamp="2024-03-04T11:35:22 MYT" skipped="0">
  <testcase classname="com.saucedemo.Test.ProductTest" name="addFromProductsPage" time="6.163"/>
  <testcase classname="com.saucedemo.Test.ProductTest" name="addFromProductDetailPage" time="9.757"/>
  <testcase classname="com.saucedemo.Test.ProductTest" name="removeFromProductDetailPage" time="7.907"/>
  <testcase classname="com.saucedemo.Test.ProductTest" name="removeFromProductsPage" time="6.768"/>
</testsuite> <!-- com.saucedemo.Test.ProductTest -->
