<?xml version="1.0" encoding="UTF-8"?>
<!-- Generated by org.testng.reporters.JUnitReportReporter -->
<testsuite hostname="DESKTOP-U0ESANG" failures="0" tests="10" name="com.nurfatinportfolio.Test.Login" time="26.919" errors="0" timestamp="2024-02-26T13:17:14 MYT" skipped="0">
  <testcase classname="com.nurfatinportfolio.Test.Login" name="testLoginWithValidCredential" time="2.003"/>
  <testcase classname="com.nurfatinportfolio.Test.Login" name="testLoginWithLockedCredential" time="1.999"/>
  <testcase classname="com.nurfatinportfolio.Test.Login" name="testLoginWithInvalidCredential" time="2.013"/>
  <testcase classname="com.nurfatinportfolio.Test.Login" name="testLoginWithBlankPassword" time="2.073"/>
  <testcase classname="com.nurfatinportfolio.Test.Login" name="testLoginWithValidCredential" time="2.068"/>
  <testcase classname="com.nurfatinportfolio.Test.Login" name="testLoginWithInvalidCredential" time="3.626"/>
  <testcase classname="com.nurfatinportfolio.Test.Login" name="testLoginWithValidCredential" time="7.073"/>
  <testcase classname="com.nurfatinportfolio.Test.Login" name="testLoginWithValidCredential" time="1.993"/>
  <testcase classname="com.nurfatinportfolio.Test.Login" name="testLoginWithBlankUsername" time="1.940"/>
  <testcase classname="com.nurfatinportfolio.Test.Login" name="testLoginWithValidCredential" time="2.131"/>
</testsuite> <!-- com.nurfatinportfolio.Test.Login -->
