<?xml version="1.0" encoding="UTF-8"?>
<!-- Generated by org.testng.reporters.JUnitReportReporter -->
<testsuite hostname="DESKTOP-U0ESANG" failures="0" tests="2" name="com.nurfatinportfolio.Test.Products" time="19.486" errors="0" timestamp="2024-02-23T11:06:54 MYT" skipped="0">
  <testcase classname="com.nurfatinportfolio.Test.Products" name="addProductsToCart" time="3.536"/>
  <testcase classname="com.nurfatinportfolio.Test.Products" name="removeProductsFromCart" time="15.950"/>
</testsuite> <!-- com.nurfatinportfolio.Test.Products -->
