<?xml version="1.0" encoding="UTF-8"?>
<!-- Generated by org.testng.reporters.JUnitReportReporter -->
<testsuite hostname="DESKTOP-U0ESANG" failures="0" tests="1" name="com.nurfatinportfolio.Test.Products" time="13.056" errors="0" timestamp="2024-02-28T11:14:46 MYT" skipped="0">
  <testcase classname="com.nurfatinportfolio.Test.Products" name="addFromProductDetailPage" time="13.056"/>
</testsuite> <!-- com.nurfatinportfolio.Test.Products -->
