<?xml version="1.0" encoding="UTF-8"?>
<!-- Generated by org.testng.reporters.JUnitReportReporter -->
<testsuite hostname="DESKTOP-U0ESANG" failures="0" tests="3" name="com.saucedemo.Test.CartTest" time="31.852" errors="0" timestamp="2024-03-04T14:11:08 MYT" skipped="0">
  <testcase classname="com.saucedemo.Test.CartTest" name="removeProductFromCart" time="12.300"/>
  <testcase classname="com.saucedemo.Test.CartTest" name="continueShopping" time="10.660"/>
  <testcase classname="com.saucedemo.Test.CartTest" name="addProductToCart" time="8.892"/>
</testsuite> <!-- com.saucedemo.Test.CartTest -->
