<?xml version="1.0" encoding="UTF-8"?>
<!-- Generated by org.testng.reporters.JUnitReportReporter -->
<testsuite hostname="DESKTOP-U0ESANG" failures="0" tests="4" name="com.saucedemo.Test.SortingTest" time="18.596" errors="0" timestamp="2024-03-04T14:03:13 MYT" skipped="0">
  <testcase classname="com.saucedemo.Test.SortingTest" name="sortProductPriceAscending" time="5.826"/>
  <testcase classname="com.saucedemo.Test.SortingTest" name="sortProductPriceDescending" time="3.956"/>
  <testcase classname="com.saucedemo.Test.SortingTest" name="sortProductNameAscending" time="4.735"/>
  <testcase classname="com.saucedemo.Test.SortingTest" name="sortProductNameDescending" time="4.079"/>
</testsuite> <!-- com.saucedemo.Test.SortingTest -->
