<?xml version="1.0" encoding="UTF-8"?>
<!-- Generated by org.testng.reporters.JUnitReportReporter -->
<testsuite hostname="DESKTOP-U0ESANG" failures="0" tests="10" name="com.nurfatinportfolio.Test.Login" time="34.831" errors="0" timestamp="2024-02-26T15:26:55 MYT" skipped="0">
  <testcase classname="com.nurfatinportfolio.Test.Login" name="testLoginWithInvalidCredential" time="2.515"/>
  <testcase classname="com.nurfatinportfolio.Test.Login" name="testLoginWithValidCredential" time="2.509"/>
  <testcase classname="com.nurfatinportfolio.Test.Login" name="testLoginWithBlankPassword" time="2.788"/>
  <testcase classname="com.nurfatinportfolio.Test.Login" name="testLoginWithValidCredential" time="2.584"/>
  <testcase classname="com.nurfatinportfolio.Test.Login" name="testLoginWithValidCredential" time="2.550"/>
  <testcase classname="com.nurfatinportfolio.Test.Login" name="testLoginWithBlankUsername" time="2.525"/>
  <testcase classname="com.nurfatinportfolio.Test.Login" name="testLoginWithLockedCredential" time="2.652"/>
  <testcase classname="com.nurfatinportfolio.Test.Login" name="testLoginWithValidCredential" time="2.408"/>
  <testcase classname="com.nurfatinportfolio.Test.Login" name="testLoginWithInvalidCredential" time="6.878"/>
  <testcase classname="com.nurfatinportfolio.Test.Login" name="testLoginWithValidCredential" time="7.422"/>
</testsuite> <!-- com.nurfatinportfolio.Test.Login -->
