<?xml version="1.0" encoding="UTF-8"?>
<!-- Generated by org.testng.reporters.JUnitReportReporter -->
<testsuite hostname="DESKTOP-U0ESANG" failures="0" tests="10" name="com.nurfatinportfolio.Test.Login" time="30.368" errors="0" timestamp="2024-02-28T10:12:16 MYT" skipped="0">
  <testcase classname="com.nurfatinportfolio.Test.Login" name="logInSuccessful_validCredential" time="7.447"/>
  <testcase classname="com.nurfatinportfolio.Test.Login" name="logInSuccessful_validCredential" time="2.428"/>
  <testcase classname="com.nurfatinportfolio.Test.Login" name="logInUnsuccessful_blankPassword" time="2.325"/>
  <testcase classname="com.nurfatinportfolio.Test.Login" name="logInUnsuccessful_invalidCredential" time="2.323"/>
  <testcase classname="com.nurfatinportfolio.Test.Login" name="logInUnsuccessful_locked" time="2.271"/>
  <testcase classname="com.nurfatinportfolio.Test.Login" name="logInSuccessful_validCredential" time="2.460"/>
  <testcase classname="com.nurfatinportfolio.Test.Login" name="logInSuccessful_validCredential" time="2.476"/>
  <testcase classname="com.nurfatinportfolio.Test.Login" name="logInSuccessful_validCredential" time="2.551"/>
  <testcase classname="com.nurfatinportfolio.Test.Login" name="logInUnsuccessful_blankUsername" time="3.803"/>
  <testcase classname="com.nurfatinportfolio.Test.Login" name="logInUnsuccessful_invalidCredential" time="2.284"/>
</testsuite> <!-- com.nurfatinportfolio.Test.Login -->
