<?xml version="1.0" encoding="UTF-8"?>
<!-- Generated by org.testng.reporters.JUnitReportReporter -->
<testsuite hostname="DESKTOP-U0ESANG" failures="0" tests="1" name="com.nurfatinportfolio.Test.YourCart" time="24.799" errors="0" timestamp="2024-02-23T10:17:32 MYT" skipped="0">
  <testcase classname="com.nurfatinportfolio.Test.YourCart" name="addProductsToCart" time="24.799"/>
</testsuite> <!-- com.nurfatinportfolio.Test.YourCart -->
