<?xml version="1.0" encoding="UTF-8"?>
<!-- Generated by org.testng.reporters.JUnitReportReporter -->
<testsuite hostname="DESKTOP-U0ESANG" failures="0" tests="4" name="com.nurfatinportfolio.Test.Login" time="9.451" errors="0" timestamp="2024-02-22T12:56:53 MYT" skipped="0">
  <testcase classname="com.nurfatinportfolio.Test.Login" name="testLoginWithInvalidCredential" time="3.221"/>
  <testcase classname="com.nurfatinportfolio.Test.Login" name="testLoginWithBlankUsername" time="2.173"/>
  <testcase classname="com.nurfatinportfolio.Test.Login" name="testLoginWithInvalidCredential" time="1.999"/>
  <testcase classname="com.nurfatinportfolio.Test.Login" name="testLoginWithBlankPassword" time="2.058"/>
</testsuite> <!-- com.nurfatinportfolio.Test.Login -->
