<?xml version="1.0" encoding="UTF-8"?>
<!-- Generated by org.testng.reporters.JUnitReportReporter -->
<testsuite hostname="DESKTOP-U0ESANG" failures="0" tests="12" name="com.saucedemo.Test.ProductTest" time="83.319" errors="0" timestamp="2024-02-28T19:05:40 MYT" skipped="0">
  <testcase classname="com.saucedemo.Test.ProductTest" name="removeFromProductDetailPage" time="14.700"/>
  <testcase classname="com.saucedemo.Test.ProductTest" name="removeFromProductsPage" time="7.130"/>
  <testcase classname="com.saucedemo.Test.ProductTest" name="removeFromProductsPage" time="6.390"/>
  <testcase classname="com.saucedemo.Test.ProductTest" name="addFromProductsPage" time="5.470"/>
  <testcase classname="com.saucedemo.Test.ProductTest" name="addFromProductDetailPage" time="3.411"/>
  <testcase classname="com.saucedemo.Test.ProductTest" name="addFromProductsPage" time="3.395"/>
  <testcase classname="com.saucedemo.Test.ProductTest" name="addFromProductDetailPage" time="4.708"/>
  <testcase classname="com.saucedemo.Test.ProductTest" name="removeFromProductDetailPage" time="7.141"/>
  <testcase classname="com.saucedemo.Test.ProductTest" name="removeFromProductsPage" time="14.742"/>
  <testcase classname="com.saucedemo.Test.ProductTest" name="addFromProductDetailPage" time="5.927"/>
  <testcase classname="com.saucedemo.Test.ProductTest" name="addFromProductsPage" time="4.424"/>
  <testcase classname="com.saucedemo.Test.ProductTest" name="removeFromProductDetailPage" time="5.881"/>
</testsuite> <!-- com.saucedemo.Test.ProductTest -->
