<?xml version="1.0" encoding="UTF-8"?>
<!-- Generated by org.testng.reporters.JUnitReportReporter -->
<testsuite hostname="DESKTOP-U0ESANG" failures="0" tests="10" name="com.nurfatinportfolio.Test.Login" time="29.064" errors="0" timestamp="2024-02-26T13:31:16 MYT" skipped="0">
  <testcase classname="com.nurfatinportfolio.Test.Login" name="testLoginWithValidCredential" time="7.203"/>
  <testcase classname="com.nurfatinportfolio.Test.Login" name="testLoginWithValidCredential" time="2.273"/>
  <testcase classname="com.nurfatinportfolio.Test.Login" name="testLoginWithBlankUsername" time="4.218"/>
  <testcase classname="com.nurfatinportfolio.Test.Login" name="testLoginWithInvalidCredential" time="2.041"/>
  <testcase classname="com.nurfatinportfolio.Test.Login" name="testLoginWithInvalidCredential" time="2.195"/>
  <testcase classname="com.nurfatinportfolio.Test.Login" name="testLoginWithValidCredential" time="2.868"/>
  <testcase classname="com.nurfatinportfolio.Test.Login" name="testLoginWithBlankPassword" time="2.054"/>
  <testcase classname="com.nurfatinportfolio.Test.Login" name="testLoginWithValidCredential" time="2.161"/>
  <testcase classname="com.nurfatinportfolio.Test.Login" name="testLoginWithLockedCredential" time="2.006"/>
  <testcase classname="com.nurfatinportfolio.Test.Login" name="testLoginWithValidCredential" time="2.045"/>
</testsuite> <!-- com.nurfatinportfolio.Test.Login -->
