<?xml version="1.0" encoding="UTF-8"?>
<!-- Generated by org.testng.reporters.JUnitReportReporter -->
<testsuite hostname="DESKTOP-U0ESANG" failures="0" tests="11" name="com.saucedemo.Test.AuthenticationTest" time="34.639" errors="0" timestamp="2024-02-28T13:07:28 MYT" skipped="0">
  <testcase classname="com.saucedemo.Test.AuthenticationTest" name="logInUnsuccessful_locked" time="2.187"/>
  <testcase classname="com.saucedemo.Test.AuthenticationTest" name="logInUnsuccessful_invalidCredential" time="2.004"/>
  <testcase classname="com.saucedemo.Test.AuthenticationTest" name="logInSuccessful_validCredential" time="7.138"/>
  <testcase classname="com.saucedemo.Test.AuthenticationTest" name="logInUnsuccessful_blankUsername" time="8.222"/>
  <testcase classname="com.saucedemo.Test.AuthenticationTest" name="logInSuccessful_validCredential" time="2.069"/>
  <testcase classname="com.saucedemo.Test.AuthenticationTest" name="logInSuccessful_validCredential" time="1.946"/>
  <testcase classname="com.saucedemo.Test.AuthenticationTest" name="logout" time="2.544"/>
  <testcase classname="com.saucedemo.Test.AuthenticationTest" name="logInUnsuccessful_invalidCredential" time="2.002"/>
  <testcase classname="com.saucedemo.Test.AuthenticationTest" name="logInSuccessful_validCredential" time="2.182"/>
  <testcase classname="com.saucedemo.Test.AuthenticationTest" name="logInSuccessful_validCredential" time="2.263"/>
  <testcase classname="com.saucedemo.Test.AuthenticationTest" name="logInUnsuccessful_blankPassword" time="2.082"/>
</testsuite> <!-- com.saucedemo.Test.AuthenticationTest -->
