<?xml version="1.0" encoding="UTF-8"?>
<!-- Generated by org.testng.reporters.JUnitReportReporter -->
<testsuite hostname="DESKTOP-U0ESANG" failures="0" tests="3" name="com.saucedemo.Test.CartTest" time="24.092" errors="0" timestamp="2024-03-04T10:38:25 MYT" skipped="0">
  <testcase classname="com.saucedemo.Test.CartTest" name="addProductToCart" time="7.920"/>
  <testcase classname="com.saucedemo.Test.CartTest" name="removeProductFromCart" time="9.302"/>
  <testcase classname="com.saucedemo.Test.CartTest" name="continueShopping" time="6.870"/>
</testsuite> <!-- com.saucedemo.Test.CartTest -->
