<?xml version="1.0" encoding="UTF-8"?>
<!-- Generated by org.testng.reporters.JUnitReportReporter -->
<testsuite hostname="DESKTOP-U0ESANG" failures="0" tests="2" name="com.nurfatinportfolio.Test.Products" time="17.492" errors="0" timestamp="2024-02-27T08:56:23 MYT" skipped="0">
  <testcase classname="com.nurfatinportfolio.Test.Products" name="removeProductsFromCart" time="8.370"/>
  <testcase classname="com.nurfatinportfolio.Test.Products" name="addProductsToCart" time="9.122"/>
</testsuite> <!-- com.nurfatinportfolio.Test.Products -->
