<?xml version="1.0" encoding="UTF-8"?>
<!-- Generated by org.testng.reporters.JUnitReportReporter -->
<testsuite hostname="DESKTOP-U0ESANG" failures="0" tests="3" name="com.saucedemo.Test.CartTest" time="23.246" errors="0" timestamp="2024-03-04T10:50:47 MYT" skipped="0">
  <testcase classname="com.saucedemo.Test.CartTest" name="removeProductFromCart" time="7.722"/>
  <testcase classname="com.saucedemo.Test.CartTest" name="continueShopping" time="7.837"/>
  <testcase classname="com.saucedemo.Test.CartTest" name="addProductToCart" time="7.687"/>
</testsuite> <!-- com.saucedemo.Test.CartTest -->
